<?xml version="1.0" encoding="UTF-8"?>
<!-- Generated by org.testng.reporters.JUnitXMLReporter -->
<testsuite hostname="HariDarshana" ignored="0" name="Default test" tests="5" failures="0" timestamp="2022-12-23T18:24:09 CST" time="115.915" errors="0">
  <testcase name="loginWithCredential" time="19.407" classname="loginUsingPOI.DataDrivenUsingPOI"/>
  <testcase name="loginWithCredential" time="8.744" classname="loginUsingPOI.DataDrivenUsingPOI"/>
  <testcase name="loginWithCredential" time="13.668" classname="loginUsingPOI.DataDrivenUsingPOI"/>
  <testcase name="loginWithCredential" time="19.413" classname="loginUsingPOI.DataDrivenUsingPOI"/>
  <testcase name="loginWithCredential" time="13.048" classname="loginUsingPOI.DataDrivenUsingPOI"/>
</testsuite> <!-- Default test -->
