<?xml version="1.0" encoding="UTF-8"?>
<testng-results skipped="0" failed="0" ignored="0" total="5" passed="5">
  <reporter-output>
  </reporter-output>
  <suite name="Default suite" duration-ms="115915" started-at="2022-12-23T18:22:13 CST" finished-at="2022-12-23T18:24:09 CST">
    <groups>
    </groups>
    <test name="Default test" duration-ms="115915" started-at="2022-12-23T18:22:13 CST" finished-at="2022-12-23T18:24:09 CST">
      <class name="loginUsingPOI.DataDrivenUsingPOI">
        <test-method status="PASS" signature="beforeTest()[pri:0, instance:loginUsingPOI.DataDrivenUsingPOI@7f416310]" name="beforeTest" is-config="true" duration-ms="21932" started-at="2022-12-23T18:22:13 CST" finished-at="2022-12-23T18:22:35 CST">
          <reporter-output>
          </reporter-output>
        </test-method> <!-- beforeTest -->
        <test-method status="PASS" signature="loginWithCredential(java.lang.String,java.lang.String)[pri:0, instance:loginUsingPOI.DataDrivenUsingPOI@7f416310]" name="loginWithCredential" duration-ms="19407" started-at="2022-12-23T18:22:37 CST" data-provider="loginData" finished-at="2022-12-23T18:22:56 CST">
          <params>
            <param index="0">
              <value>
                <![CDATA[username]]>
              </value>
            </param>
            <param index="1">
              <value>
                <![CDATA[password]]>
              </value>
            </param>
          </params>
          <reporter-output>
          </reporter-output>
        </test-method> <!-- loginWithCredential -->
        <test-method status="PASS" signature="loginWithCredential(java.lang.String,java.lang.String)[pri:0, instance:loginUsingPOI.DataDrivenUsingPOI@7f416310]" name="loginWithCredential" duration-ms="8744" started-at="2022-12-23T18:22:57 CST" data-provider="loginData" finished-at="2022-12-23T18:23:05 CST">
          <params>
            <param index="0">
              <value>
                <![CDATA[rekaharisri@gmail.com]]>
              </value>
            </param>
            <param index="1">
              <value>
                <![CDATA[Admi2/888''']]>
              </value>
            </param>
          </params>
          <reporter-output>
          </reporter-output>
        </test-method> <!-- loginWithCredential -->
        <test-method status="PASS" signature="loginWithCredential(java.lang.String,java.lang.String)[pri:0, instance:loginUsingPOI.DataDrivenUsingPOI@7f416310]" name="loginWithCredential" duration-ms="13668" started-at="2022-12-23T18:23:05 CST" data-provider="loginData" finished-at="2022-12-23T18:23:19 CST">
          <params>
            <param index="0">
              <value>
                <![CDATA[rekaha@gmail.com]]>
              </value>
            </param>
            <param index="1">
              <value>
                <![CDATA[Admin123///888''']]>
              </value>
            </param>
          </params>
          <reporter-output>
          </reporter-output>
        </test-method> <!-- loginWithCredential -->
        <test-method status="PASS" signature="loginWithCredential(java.lang.String,java.lang.String)[pri:0, instance:loginUsingPOI.DataDrivenUsingPOI@7f416310]" name="loginWithCredential" duration-ms="19413" started-at="2022-12-23T18:23:19 CST" data-provider="loginData" finished-at="2022-12-23T18:23:39 CST">
          <params>
            <param index="0">
              <value>
                <![CDATA[rekahari@gmail.com]]>
              </value>
            </param>
            <param index="1">
              <value>
                <![CDATA[Admi2/888''']]>
              </value>
            </param>
          </params>
          <reporter-output>
          </reporter-output>
        </test-method> <!-- loginWithCredential -->
        <test-method status="PASS" signature="loginWithCredential(java.lang.String,java.lang.String)[pri:0, instance:loginUsingPOI.DataDrivenUsingPOI@7f416310]" name="loginWithCredential" duration-ms="13048" started-at="2022-12-23T18:23:39 CST" data-provider="loginData" finished-at="2022-12-23T18:23:52 CST">
          <params>
            <param index="0">
              <value>
                <![CDATA[rekaharisri@gmail.com]]>
              </value>
            </param>
            <param index="1">
              <value>
                <![CDATA[Admin123///888''']]>
              </value>
            </param>
          </params>
          <reporter-output>
          </reporter-output>
        </test-method> <!-- loginWithCredential -->
        <test-method status="PASS" signature="afterTest()[pri:0, instance:loginUsingPOI.DataDrivenUsingPOI@7f416310]" name="afterTest" is-config="true" duration-ms="15400" started-at="2022-12-23T18:23:53 CST" finished-at="2022-12-23T18:24:09 CST">
          <reporter-output>
          </reporter-output>
        </test-method> <!-- afterTest -->
      </class> <!-- loginUsingPOI.DataDrivenUsingPOI -->
    </test> <!-- Default test -->
  </suite> <!-- Default suite -->
</testng-results>
